Arguments: 
  /Users/alexandresantos/.nvm/versions/node/v6.9.1/bin/node /usr/local/Cellar/yarn/0.27.5_1/libexec/bin/yarn.js install

PATH: 
  /Users/alexandresantos/.nvm/versions/node/v6.9.1/bin:/Users/alexandresantos/.nvm:/usr/local/bin:/usr/local/sbin:/Users/alexandresantos/.npm-packages/bin:/Users/alexandresantos/.npm-packages/bin/bin:/usr/local/bin:/usr/bin:/bin:/usr/sbin:/sbin:/usr/local/go/bin:/Users/alexandresantos/.npm:/Users/alexandresantos/Development/uniplaces-projects//bin:/Users/alexandresantos/Library/Android/sdk/tools:/Users/alexandresantos/Library/Android/sdk/platform-tools:/Users/alexandresantos/.npm-packages/bin:/Users/alexandresantos/.npm-packages/bin/bin:/usr/local/bin:/usr/bin:/bin:/usr/sbin:/sbin:/usr/local/go/bin:/Users/alexandresantos/.npm

Yarn version: 
  0.27.5

Node version: 
  6.9.1

Platform: 
  darwin x64

npm manifest: 
  {
    "name": "react-native-uni-carousel",
    "version": "0.1.3",
    "devDependencies": {
      "@storybook/addon-actions": "^3.2.12",
      "@storybook/addon-knobs": "^3.2.12",
      "@storybook/addon-links": "^3.2.12",
      "@storybook/react-native": "^3.2.12",
      "jest-expo": "^21.0.2",
      "prop-types": "^15.6.0",
      "react-dom": "16.0.0-alpha.12",
      "react-native-scripts": "1.5.0",
      "react-test-renderer": "16.0.0-alpha.12"
    },
    "main": "index.js",
    "scripts": {
      "test": "node node_modules/jest/bin/jest.js --watch",
      "storybook": "storybook start -p 7007"
    },
    "dependencies": {
      "babel-preset-expo": "^4.0.0",
      "react": "16.0.0-alpha.12",
      "react-native": "0.46.3"
    },
    "peerDependencies": {
      "react": "*",
      "react-native": "*"
    }
  }

yarn manifest: 
  No manifest

Lockfile: 
  No lockfile

Trace: 
  Error: getaddrinfo ENOTFOUND registry.yarnpkg.com registry.yarnpkg.com:443
      at errnoException (dns.js:28:10)
      at GetAddrInfoReqWrap.onlookup [as oncomplete] (dns.js:76:26)
